<?xml version="1.0" encoding="UTF-8"?>
<!-- Generated by org.testng.reporters.JUnitReportReporter -->
<testsuite hostname="LAPTOP-MRSAD92K" failures="0" tests="4" name="com.TestNGDemos.D02MultipleTests" time="11.360" errors="0" timestamp="2024-12-05T15:01:02 IST" skipped="0">
  <testcase classname="com.TestNGDemos.D02MultipleTests" name="googleTest" time="2.352"/>
  <system-out/>
  <testcase classname="com.TestNGDemos.D02MultipleTests" name="rediffTest" time="2.447"/>
  <system-out/>
  <testcase classname="com.TestNGDemos.D02MultipleTests" name="oHRMTest" time="4.236"/>
  <system-out/>
  <testcase classname="com.TestNGDemos.D02MultipleTests" name="bingTest" time="2.325"/>
  <system-out/>
</testsuite> <!-- com.TestNGDemos.D02MultipleTests -->
