<?xml version="1.0" encoding="UTF-8"?>
<!-- Generated by org.testng.reporters.JUnitReportReporter -->
<testsuite hostname="LAPTOP-MRSAD92K" failures="0" tests="1" name="com.TestNGDemos.D15POM_Asanaa" time="2.776" errors="0" timestamp="2024-12-11T12:56:00 IST" skipped="0">
  <testcase classname="com.TestNGDemos.D15POM_Asanaa" name="loginAccount" time="2.776"/>
  <system-out/>
</testsuite> <!-- com.TestNGDemos.D15POM_Asanaa -->
