<?xml version="1.0" encoding="UTF-8"?>
<!-- Generated by org.testng.reporters.JUnitReportReporter -->
<testsuite hostname="LAPTOP-MRSAD92K" failures="0" tests="2" name="com.TestNGDemos.D14ReadData" time="0.012" errors="0" timestamp="2024-12-11T12:08:36 IST" skipped="1">
  <testcase classname="com.TestNGDemos.D14ReadData" name="readAllData" time="0.012"/>
  <system-out/>
  <testcase classname="com.TestNGDemos.D14ReadData" name="readData">
    <skipped/>
  </testcase> <!-- readData -->
  <system-out/>
</testsuite> <!-- com.TestNGDemos.D14ReadData -->
