<?xml version="1.0" encoding="UTF-8"?>
<!-- Generated by org.testng.reporters.JUnitReportReporter -->
<testsuite hostname="LAPTOP-MRSAD92K" failures="0" tests="1" name="com.TestNGDemos.D11WriteDataToExcel" time="0.031" errors="0" timestamp="2024-12-11T11:50:16 IST" skipped="0">
  <testcase classname="com.TestNGDemos.D11WriteDataToExcel" name="writeToExcel" time="0.031"/>
  <system-out/>
</testsuite> <!-- com.TestNGDemos.D11WriteDataToExcel -->
