<?xml version="1.0" encoding="UTF-8"?>
<!-- Generated by org.testng.reporters.JUnitReportReporter -->
<testsuite hostname="LAPTOP-MRSAD92K" failures="0" tests="3" name="com.AssignmentSolutions.A10OHRM_Login_Logout" time="7.704" errors="0" timestamp="2024-12-27T19:59:43 IST" skipped="0">
  <testcase classname="com.AssignmentSolutions.A10OHRM_Login_Logout" name="login2" time="2.845"/>
  <system-out/>
  <testcase classname="com.AssignmentSolutions.A10OHRM_Login_Logout" name="login3" time="3.350"/>
  <system-out/>
  <testcase classname="com.AssignmentSolutions.A10OHRM_Login_Logout" name="login1" time="1.509"/>
  <system-out/>
</testsuite> <!-- com.AssignmentSolutions.A10OHRM_Login_Logout -->
