<?xml version="1.0" encoding="UTF-8"?>
<!-- Generated by org.testng.reporters.JUnitReportReporter -->
<testsuite hostname="LAPTOP-MRSAD92K" failures="0" tests="4" name="com.TestNGDemos.OHRM_Login_Logout" time="10.666" errors="0" timestamp="2024-12-07T16:21:05 IST" skipped="0">
  <testcase classname="com.TestNGDemos.OHRM_Login_Logout" name="login1" time="2.569"/>
  <system-out/>
  <testcase classname="com.TestNGDemos.OHRM_Login_Logout" name="login2" time="4.858"/>
  <system-out/>
  <testcase classname="com.TestNGDemos.OHRM_Login_Logout" name="login4" time="1.465"/>
  <system-out/>
  <testcase classname="com.TestNGDemos.OHRM_Login_Logout" name="login3" time="1.774"/>
  <system-out/>
</testsuite> <!-- com.TestNGDemos.OHRM_Login_Logout -->
