<?xml version="1.0" encoding="UTF-8"?>
<!-- Generated by org.testng.reporters.JUnitReportReporter -->
<testsuite hostname="LAPTOP-MRSAD92K" failures="0" tests="4" name="com.TestNGDemos.D04Before_After_Method" time="5.889" errors="0" timestamp="2024-12-05T15:24:00 IST" skipped="0">
  <testcase classname="com.TestNGDemos.D04Before_After_Method" name="rediffTest" time="0.157"/>
  <system-out/>
  <testcase classname="com.TestNGDemos.D04Before_After_Method" name="OHRMTest" time="3.163"/>
  <system-out/>
  <testcase classname="com.TestNGDemos.D04Before_After_Method" name="googleTest" time="1.925"/>
  <system-out/>
  <testcase classname="com.TestNGDemos.D04Before_After_Method" name="bingTest" time="0.644"/>
  <system-out/>
</testsuite> <!-- com.TestNGDemos.D04Before_After_Method -->
