<?xml version="1.0" encoding="UTF-8"?>
<!-- Generated by org.testng.reporters.JUnitReportReporter -->
<testsuite hostname="LAPTOP-MRSAD92K" failures="0" tests="1" name="com.TestNGDemos.D01MyFirstTest" time="0.011" errors="0" timestamp="2024-12-04T20:36:15 IST" skipped="0">
  <testcase classname="com.TestNGDemos.D01MyFirstTest" name="JQeryTest" time="0.011"/>
  <system-out/>
</testsuite> <!-- com.TestNGDemos.D01MyFirstTest -->
