<?xml version="1.0" encoding="UTF-8"?>
<!-- Generated by org.testng.reporters.JUnitReportReporter -->
<testsuite hostname="LAPTOP-MRSAD92K" failures="0" tests="2" name="com.AssignmentSolutions.A02POM_Client" time="0.511" errors="0" timestamp="2024-12-25T14:07:10 IST" skipped="0">
  <testcase classname="com.AssignmentSolutions.A02POM_Client" name="verifyTitle" time="0.019"/>
  <system-out/>
  <testcase classname="com.AssignmentSolutions.A02POM_Client" name="verifyLoginTest" time="0.492"/>
  <system-out/>
</testsuite> <!-- com.AssignmentSolutions.A02POM_Client -->
