<?xml version="1.0" encoding="UTF-8"?>
<!-- Generated by org.testng.reporters.JUnitReportReporter -->
<testsuite hostname="LAPTOP-MRSAD92K" failures="0" tests="1" name="com.TestNGDemos.D09KeywordDrivenFramework" time="0.396" errors="0" timestamp="2024-12-10T15:29:11 IST" skipped="0">
  <testcase classname="com.TestNGDemos.D09KeywordDrivenFramework" name="createAccount" time="0.396"/>
  <system-out/>
</testsuite> <!-- com.TestNGDemos.D09KeywordDrivenFramework -->
