<?xml version="1.0" encoding="UTF-8"?>
<!-- Generated by org.testng.reporters.JUnitReportReporter -->
<testsuite hostname="LAPTOP-MRSAD92K" failures="0" tests="1" name="com.TestNGDemos.D02MySecondTest" time="6.349" errors="0" timestamp="2024-12-05T14:45:24 IST" skipped="0">
  <testcase classname="com.TestNGDemos.D02MySecondTest" name="jQueryTest" time="6.349"/>
  <system-out/>
</testsuite> <!-- com.TestNGDemos.D02MySecondTest -->
