<?xml version="1.0" encoding="UTF-8"?>
<!-- Generated by org.testng.reporters.JUnitReportReporter -->
<testsuite hostname="LAPTOP-MRSAD92K" failures="0" tests="4" name="com.Assignments.OHRM_Login_Logout" time="9.007" errors="0" timestamp="2024-12-27T20:38:20 IST" skipped="0">
  <testcase classname="com.Assignments.OHRM_Login_Logout" name="login4" time="2.342"/>
  <system-out/>
  <testcase classname="com.Assignments.OHRM_Login_Logout" name="login3" time="2.046"/>
  <system-out/>
  <testcase classname="com.Assignments.OHRM_Login_Logout" name="login1" time="1.482"/>
  <system-out/>
  <testcase classname="com.Assignments.OHRM_Login_Logout" name="login2" time="3.137"/>
  <system-out/>
</testsuite> <!-- com.Assignments.OHRM_Login_Logout -->
