<?xml version="1.0" encoding="UTF-8"?>
<!-- Generated by org.testng.reporters.JUnitReportReporter -->
<testsuite hostname="LAPTOP-MRSAD92K" failures="0" tests="4" name="com.TestNGDemos.D06DataDrivenTesting" time="14.132" errors="0" timestamp="2024-12-07T16:28:46 IST" skipped="0">
  <testcase classname="com.TestNGDemos.D06DataDrivenTesting" name="f" time="5.197"/>
  <system-out/>
  <testcase classname="com.TestNGDemos.D06DataDrivenTesting" name="f" time="3.858"/>
  <system-out/>
  <testcase classname="com.TestNGDemos.D06DataDrivenTesting" name="f" time="1.503"/>
  <system-out/>
  <testcase classname="com.TestNGDemos.D06DataDrivenTesting" name="f" time="3.574"/>
  <system-out/>
</testsuite> <!-- com.TestNGDemos.D06DataDrivenTesting -->
