<?xml version="1.0" encoding="UTF-8"?>
<!-- Generated by org.testng.reporters.JUnitReportReporter -->
<testsuite hostname="LAPTOP-MRSAD92K" failures="0" tests="5" name="com.TestNGDemos.D13CreateLoginData" time="0.022" errors="0" timestamp="2024-12-11T12:04:49 IST" skipped="0">
  <testcase classname="com.TestNGDemos.D13CreateLoginData" name="createLoginData" time="0.001"/>
  <system-out/>
  <testcase classname="com.TestNGDemos.D13CreateLoginData" name="createLoginData" time="0.003"/>
  <system-out/>
  <testcase classname="com.TestNGDemos.D13CreateLoginData" name="createLoginData" time="0.011"/>
  <system-out/>
  <testcase classname="com.TestNGDemos.D13CreateLoginData" name="createLoginData" time="0.004"/>
  <system-out/>
  <testcase classname="com.TestNGDemos.D13CreateLoginData" name="createLoginData" time="0.003"/>
  <system-out/>
</testsuite> <!-- com.TestNGDemos.D13CreateLoginData -->
