<?xml version="1.0" encoding="UTF-8"?>
<!-- Generated by org.testng.reporters.JUnitReportReporter -->
<testsuite hostname="LAPTOP-MRSAD92K" failures="0" tests="1" name="com.TestNGDemos.D12CreateFriendsData" time="0.040" errors="0" timestamp="2024-12-11T12:00:32 IST" skipped="0">
  <testcase classname="com.TestNGDemos.D12CreateFriendsData" name="createData" time="0.040"/>
  <system-out/>
</testsuite> <!-- com.TestNGDemos.D12CreateFriendsData -->
