<?xml version="1.0" encoding="UTF-8"?>
<!-- Generated by org.testng.reporters.JUnitReportReporter -->
<testsuite hostname="LAPTOP-MRSAD92K" failures="0" tests="1" name="com.TestNGDemos.D10POM_Client" time="2.759" errors="0" timestamp="2024-12-23T14:50:54 IST" skipped="0">
  <testcase classname="com.TestNGDemos.D10POM_Client" name="createAccount" time="2.759"/>
  <system-out/>
</testsuite> <!-- com.TestNGDemos.D10POM_Client -->
