<?xml version="1.0" encoding="UTF-8"?>
<!-- Generated by org.testng.reporters.JUnitReportReporter -->
<testsuite hostname="LAPTOP-MRSAD92K" failures="0" tests="4" name="com.TestNGDemos.D03Before_After_Test" time="5.946" errors="0" timestamp="2024-12-05T15:13:03 IST" skipped="0">
  <testcase classname="com.TestNGDemos.D03Before_After_Test" name="rediffTest" time="1.146"/>
  <system-out/>
  <testcase classname="com.TestNGDemos.D03Before_After_Test" name="OHRMTest" time="3.068"/>
  <system-out/>
  <testcase classname="com.TestNGDemos.D03Before_After_Test" name="googleTest" time="1.236"/>
  <system-out/>
  <testcase classname="com.TestNGDemos.D03Before_After_Test" name="binghTest" time="0.496"/>
  <system-out/>
</testsuite> <!-- com.TestNGDemos.D03Before_After_Test -->
