<?xml version="1.0" encoding="UTF-8"?>
<!-- Generated by org.testng.reporters.JUnitReportReporter -->
<testsuite hostname="LAPTOP-MRSAD92K" failures="0" tests="4" name="com.TestNGDemos.D05GoogleAssignment" time="12.623" errors="0" timestamp="2024-12-05T16:26:26 IST" skipped="0">
  <testcase classname="com.TestNGDemos.D05GoogleAssignment" name="advertisingTest" time="3.720"/>
  <system-out/>
  <testcase classname="com.TestNGDemos.D05GoogleAssignment" name="businessTest" time="2.755"/>
  <system-out/>
  <testcase classname="com.TestNGDemos.D05GoogleAssignment" name="imagesTest" time="2.314"/>
  <system-out/>
  <testcase classname="com.TestNGDemos.D05GoogleAssignment" name="gmailTest" time="3.834"/>
  <system-out/>
</testsuite> <!-- com.TestNGDemos.D05GoogleAssignment -->
